+----------------------------------------------------------+
| STORE LiveChat                                           |
+----------------------------------------------------------+
|  Capacity = 5  (0 used, 5 free)                          |
|  Time interval = 0 - 604800                              |
|  Number of Enter operations = 282                        |
|  Minimal used capacity = 0                               |
|  Maximal used capacity = 5                               |
|  Average used capacity = 0.216585                        |
+----------------------------------------------------------+

+----------------------------------------------------------+
| HISTOGRAM Customer Requirements                          |
+----------------------------------------------------------+
| STATISTIC                                                |
+----------------------------------------------------------+
|  Min = 0.403723                Max = 46432.1             |
|  Number of records = 1257                                |
|  Average value = 9864.98                                 |
|  Standard deviation = 8380.96                            |
+----------------------------------------------------------+
|    from    |     to     |     n    |   rel    |   sum    |
+------------+------------+----------+----------+----------+
|      0.000 |   1500.000 |      275 | 0.218775 | 0.218775 |
|   1500.000 |   3000.000 |       69 | 0.054893 | 0.273667 |
|   3000.000 |   4500.000 |       67 | 0.053302 | 0.326969 |
|   4500.000 |   6000.000 |      109 | 0.086714 | 0.413683 |
|   6000.000 |   7500.000 |       83 | 0.066030 | 0.479714 |
|   7500.000 |   9000.000 |       50 | 0.039777 | 0.519491 |
|   9000.000 |  10500.000 |       52 | 0.041368 | 0.560859 |
|  10500.000 |  12000.000 |       22 | 0.017502 | 0.578361 |
|  12000.000 |  13500.000 |       73 | 0.058075 | 0.636436 |
|  13500.000 |  15000.000 |       45 | 0.035800 | 0.672235 |
|  15000.000 |  16500.000 |      110 | 0.087510 | 0.759745 |
|  16500.000 |  18000.000 |      122 | 0.097056 | 0.856802 |
|  18000.000 |  19500.000 |       88 | 0.070008 | 0.926810 |
|  19500.000 |  21000.000 |       25 | 0.019889 | 0.946698 |
|  21000.000 |  22500.000 |       23 | 0.018298 | 0.964996 |
|  22500.000 |  24000.000 |        4 | 0.003182 | 0.968178 |
|  24000.000 |  25500.000 |        0 | 0.000000 | 0.968178 |
|  25500.000 |  27000.000 |        3 | 0.002387 | 0.970565 |
|  27000.000 |  28500.000 |        2 | 0.001591 | 0.972156 |
|  28500.000 |  30000.000 |        2 | 0.001591 | 0.973747 |
+------------+------------+----------+----------+----------+

+----------------------------------------------------------+
| HISTOGRAM Ticket Queue Table                             |
+----------------------------------------------------------+
| STATISTIC                                                |
+----------------------------------------------------------+
|  Min = 172.801                 Max = 46432.1             |
|  Number of records = 975                                 |
|  Average value = 12583.9                                 |
|  Standard deviation = 7580.21                            |
+----------------------------------------------------------+
|    from    |     to     |     n    |   rel    |   sum    |
+------------+------------+----------+----------+----------+
|      0.000 |   1500.000 |       16 | 0.016410 | 0.016410 |
|   1500.000 |   3000.000 |       50 | 0.051282 | 0.067692 |
|   3000.000 |   4500.000 |       63 | 0.064615 | 0.132308 |
|   4500.000 |   6000.000 |      109 | 0.111795 | 0.244103 |
|   6000.000 |   7500.000 |       83 | 0.085128 | 0.329231 |
|   7500.000 |   9000.000 |       50 | 0.051282 | 0.380513 |
|   9000.000 |  10500.000 |       52 | 0.053333 | 0.433846 |
|  10500.000 |  12000.000 |       22 | 0.022564 | 0.456410 |
|  12000.000 |  13500.000 |       73 | 0.074872 | 0.531282 |
|  13500.000 |  15000.000 |       45 | 0.046154 | 0.577436 |
|  15000.000 |  16500.000 |      110 | 0.112821 | 0.690256 |
|  16500.000 |  18000.000 |      122 | 0.125128 | 0.815385 |
|  18000.000 |  19500.000 |       88 | 0.090256 | 0.905641 |
|  19500.000 |  21000.000 |       25 | 0.025641 | 0.931282 |
|  21000.000 |  22500.000 |       23 | 0.023590 | 0.954872 |
|  22500.000 |  24000.000 |        4 | 0.004103 | 0.958974 |
|  24000.000 |  25500.000 |        0 | 0.000000 | 0.958974 |
|  25500.000 |  27000.000 |        3 | 0.003077 | 0.962051 |
|  27000.000 |  28500.000 |        2 | 0.002051 | 0.964103 |
|  28500.000 |  30000.000 |        2 | 0.002051 | 0.966154 |
+------------+------------+----------+----------+----------+

+----------------------------------------------------------+
| QUEUE Waiting Tickets                                    |
+----------------------------------------------------------+
|  Time interval = 0 - 604800                              |
|  Incoming  1019                                          |
|  Outcoming  975                                          |
|  Current length = 44                                     |
|  Maximal length = 79                                     |
|  Average length = 19.8026                                |
|  Minimal time = 172.801                                  |
|  Maximal time = 40291.7                                  |
|  Average time = 12050.3                                  |
|  Standard deviation = 6585.68                            |
+----------------------------------------------------------+
+----------------------------------------------------------+
| QUEUE Waiting Tickets for technician                     |
+----------------------------------------------------------+
|  Time interval = 0 - 604800                              |
|  Incoming  41                                            |
|  Outcoming  41                                           |
|  Current length = 0                                      |
|  Maximal length = 7                                      |
|  Average length = 0.86017                                |
|  Minimal time = 230.505                                  |
|  Maximal time = 32570.3                                  |
|  Average time = 12688.6                                  |
+----------------------------------------------------------+
Simulation run for 604800 seconds
Total number of breakdowns: 1
Requirements during breakdown: 22
